CRITICAL - 2024-02-21 10:22:58 --> ErrorException: Undefined variable $book
in APPPATH\Views\books\singleBookDetail.php on line 255.
 1 APPPATH\Views\books\singleBookDetail.php(255): CodeIgniter\Debug\Exceptions->errorHandler(2, 'Undefined variable $book', 'C:\\xampp\\htdocs\\code4\\app\\Views\\books\\singleBookDetail.php', 255)
 2 SYSTEMPATH\View\View.php(228): include('C:\\xampp\\htdocs\\code4\\app\\Views\\books\\singleBookDetail.php')
 3 SYSTEMPATH\View\View.php(231): CodeIgniter\View\View->CodeIgniter\View\{closure}()
 4 SYSTEMPATH\Common.php(1178): CodeIgniter\View\View->render('books/singleBookDetail', [], true)
 5 APPPATH\Controllers\singleBookDetail.php(12): view('books/singleBookDetail')
 6 SYSTEMPATH\CodeIgniter.php(941): App\Controllers\SingleBookDetail->index()
 7 SYSTEMPATH\CodeIgniter.php(502): CodeIgniter\CodeIgniter->runController(Object(App\Controllers\SingleBookDetail))
 8 SYSTEMPATH\CodeIgniter.php(361): CodeIgniter\CodeIgniter->handleRequest(null, Object(Config\Cache), false)
 9 FCPATH\index.php(79): CodeIgniter\CodeIgniter->run()
CRITICAL - 2024-02-21 11:13:56 --> ErrorException: Undefined array key "image_path"
in APPPATH\Views\books\singleBookDetail.php on line 10.
 1 APPPATH\Views\books\singleBookDetail.php(10): CodeIgniter\Debug\Exceptions->errorHandler(2, 'Undefined array key "image_path"', 'C:\\xampp\\htdocs\\code4\\app\\Views\\books\\singleBookDetail.php', 10)
 2 SYSTEMPATH\View\View.php(228): include('C:\\xampp\\htdocs\\code4\\app\\Views\\books\\singleBookDetail.php')
 3 SYSTEMPATH\View\View.php(231): CodeIgniter\View\View->CodeIgniter\View\{closure}()
 4 SYSTEMPATH\Common.php(1178): CodeIgniter\View\View->render('books/singleBookDetail', [], true)
 5 APPPATH\Controllers\singleBookDetail.php(12): view('books/singleBookDetail')
 6 SYSTEMPATH\CodeIgniter.php(941): App\Controllers\SingleBookDetail->index()
 7 SYSTEMPATH\CodeIgniter.php(502): CodeIgniter\CodeIgniter->runController(Object(App\Controllers\SingleBookDetail))
 8 SYSTEMPATH\CodeIgniter.php(361): CodeIgniter\CodeIgniter->handleRequest(null, Object(Config\Cache), false)
 9 FCPATH\index.php(79): CodeIgniter\CodeIgniter->run()
CRITICAL - 2024-02-21 11:15:36 --> ErrorException: Undefined array key "image_path"
in APPPATH\Views\books\singleBookDetail.php on line 10.
 1 APPPATH\Views\books\singleBookDetail.php(10): CodeIgniter\Debug\Exceptions->errorHandler(2, 'Undefined array key "image_path"', 'C:\\xampp\\htdocs\\code4\\app\\Views\\books\\singleBookDetail.php', 10)
 2 SYSTEMPATH\View\View.php(228): include('C:\\xampp\\htdocs\\code4\\app\\Views\\books\\singleBookDetail.php')
 3 SYSTEMPATH\View\View.php(231): CodeIgniter\View\View->CodeIgniter\View\{closure}()
 4 SYSTEMPATH\Common.php(1178): CodeIgniter\View\View->render('books/singleBookDetail', [], true)
 5 APPPATH\Controllers\singleBookDetail.php(12): view('books/singleBookDetail')
 6 SYSTEMPATH\CodeIgniter.php(941): App\Controllers\SingleBookDetail->index()
 7 SYSTEMPATH\CodeIgniter.php(502): CodeIgniter\CodeIgniter->runController(Object(App\Controllers\SingleBookDetail))
 8 SYSTEMPATH\CodeIgniter.php(361): CodeIgniter\CodeIgniter->handleRequest(null, Object(Config\Cache), false)
 9 FCPATH\index.php(79): CodeIgniter\CodeIgniter->run()
CRITICAL - 2024-02-21 11:15:37 --> ErrorException: Undefined array key "image_path"
in APPPATH\Views\books\singleBookDetail.php on line 10.
 1 APPPATH\Views\books\singleBookDetail.php(10): CodeIgniter\Debug\Exceptions->errorHandler(2, 'Undefined array key "image_path"', 'C:\\xampp\\htdocs\\code4\\app\\Views\\books\\singleBookDetail.php', 10)
 2 SYSTEMPATH\View\View.php(228): include('C:\\xampp\\htdocs\\code4\\app\\Views\\books\\singleBookDetail.php')
 3 SYSTEMPATH\View\View.php(231): CodeIgniter\View\View->CodeIgniter\View\{closure}()
 4 SYSTEMPATH\Common.php(1178): CodeIgniter\View\View->render('books/singleBookDetail', [], true)
 5 APPPATH\Controllers\singleBookDetail.php(12): view('books/singleBookDetail')
 6 SYSTEMPATH\CodeIgniter.php(941): App\Controllers\SingleBookDetail->index()
 7 SYSTEMPATH\CodeIgniter.php(502): CodeIgniter\CodeIgniter->runController(Object(App\Controllers\SingleBookDetail))
 8 SYSTEMPATH\CodeIgniter.php(361): CodeIgniter\CodeIgniter->handleRequest(null, Object(Config\Cache), false)
 9 FCPATH\index.php(79): CodeIgniter\CodeIgniter->run()
CRITICAL - 2024-02-21 11:15:37 --> ErrorException: Undefined array key "image_path"
in APPPATH\Views\books\singleBookDetail.php on line 10.
 1 APPPATH\Views\books\singleBookDetail.php(10): CodeIgniter\Debug\Exceptions->errorHandler(2, 'Undefined array key "image_path"', 'C:\\xampp\\htdocs\\code4\\app\\Views\\books\\singleBookDetail.php', 10)
 2 SYSTEMPATH\View\View.php(228): include('C:\\xampp\\htdocs\\code4\\app\\Views\\books\\singleBookDetail.php')
 3 SYSTEMPATH\View\View.php(231): CodeIgniter\View\View->CodeIgniter\View\{closure}()
 4 SYSTEMPATH\Common.php(1178): CodeIgniter\View\View->render('books/singleBookDetail', [], true)
 5 APPPATH\Controllers\singleBookDetail.php(12): view('books/singleBookDetail')
 6 SYSTEMPATH\CodeIgniter.php(941): App\Controllers\SingleBookDetail->index()
 7 SYSTEMPATH\CodeIgniter.php(502): CodeIgniter\CodeIgniter->runController(Object(App\Controllers\SingleBookDetail))
 8 SYSTEMPATH\CodeIgniter.php(361): CodeIgniter\CodeIgniter->handleRequest(null, Object(Config\Cache), false)
 9 FCPATH\index.php(79): CodeIgniter\CodeIgniter->run()
CRITICAL - 2024-02-21 11:15:38 --> ErrorException: Undefined array key "image_path"
in APPPATH\Views\books\singleBookDetail.php on line 10.
 1 APPPATH\Views\books\singleBookDetail.php(10): CodeIgniter\Debug\Exceptions->errorHandler(2, 'Undefined array key "image_path"', 'C:\\xampp\\htdocs\\code4\\app\\Views\\books\\singleBookDetail.php', 10)
 2 SYSTEMPATH\View\View.php(228): include('C:\\xampp\\htdocs\\code4\\app\\Views\\books\\singleBookDetail.php')
 3 SYSTEMPATH\View\View.php(231): CodeIgniter\View\View->CodeIgniter\View\{closure}()
 4 SYSTEMPATH\Common.php(1178): CodeIgniter\View\View->render('books/singleBookDetail', [], true)
 5 APPPATH\Controllers\singleBookDetail.php(12): view('books/singleBookDetail')
 6 SYSTEMPATH\CodeIgniter.php(941): App\Controllers\SingleBookDetail->index()
 7 SYSTEMPATH\CodeIgniter.php(502): CodeIgniter\CodeIgniter->runController(Object(App\Controllers\SingleBookDetail))
 8 SYSTEMPATH\CodeIgniter.php(361): CodeIgniter\CodeIgniter->handleRequest(null, Object(Config\Cache), false)
 9 FCPATH\index.php(79): CodeIgniter\CodeIgniter->run()
CRITICAL - 2024-02-21 11:15:38 --> ErrorException: Undefined array key "image_path"
in APPPATH\Views\books\singleBookDetail.php on line 10.
 1 APPPATH\Views\books\singleBookDetail.php(10): CodeIgniter\Debug\Exceptions->errorHandler(2, 'Undefined array key "image_path"', 'C:\\xampp\\htdocs\\code4\\app\\Views\\books\\singleBookDetail.php', 10)
 2 SYSTEMPATH\View\View.php(228): include('C:\\xampp\\htdocs\\code4\\app\\Views\\books\\singleBookDetail.php')
 3 SYSTEMPATH\View\View.php(231): CodeIgniter\View\View->CodeIgniter\View\{closure}()
 4 SYSTEMPATH\Common.php(1178): CodeIgniter\View\View->render('books/singleBookDetail', [], true)
 5 APPPATH\Controllers\singleBookDetail.php(12): view('books/singleBookDetail')
 6 SYSTEMPATH\CodeIgniter.php(941): App\Controllers\SingleBookDetail->index()
 7 SYSTEMPATH\CodeIgniter.php(502): CodeIgniter\CodeIgniter->runController(Object(App\Controllers\SingleBookDetail))
 8 SYSTEMPATH\CodeIgniter.php(361): CodeIgniter\CodeIgniter->handleRequest(null, Object(Config\Cache), false)
 9 FCPATH\index.php(79): CodeIgniter\CodeIgniter->run()
CRITICAL - 2024-02-21 11:33:25 --> Error: Call to a member function get() on null
in APPPATH\Views\books\singleBookDetail.php on line 7.
 1 SYSTEMPATH\View\View.php(228): include()
 2 SYSTEMPATH\View\View.php(231): CodeIgniter\View\View->CodeIgniter\View\{closure}()
 3 SYSTEMPATH\Common.php(1178): CodeIgniter\View\View->render('books/singleBookDetail', [], true)
 4 APPPATH\Controllers\singleBookDetail.php(12): view('books/singleBookDetail')
 5 SYSTEMPATH\CodeIgniter.php(941): App\Controllers\SingleBookDetail->index()
 6 SYSTEMPATH\CodeIgniter.php(502): CodeIgniter\CodeIgniter->runController(Object(App\Controllers\SingleBookDetail))
 7 SYSTEMPATH\CodeIgniter.php(361): CodeIgniter\CodeIgniter->handleRequest(null, Object(Config\Cache), false)
 8 FCPATH\index.php(79): CodeIgniter\CodeIgniter->run()
CRITICAL - 2024-02-21 11:33:27 --> Error: Call to a member function get() on null
in APPPATH\Views\books\singleBookDetail.php on line 7.
 1 SYSTEMPATH\View\View.php(228): include()
 2 SYSTEMPATH\View\View.php(231): CodeIgniter\View\View->CodeIgniter\View\{closure}()
 3 SYSTEMPATH\Common.php(1178): CodeIgniter\View\View->render('books/singleBookDetail', [], true)
 4 APPPATH\Controllers\singleBookDetail.php(12): view('books/singleBookDetail')
 5 SYSTEMPATH\CodeIgniter.php(941): App\Controllers\SingleBookDetail->index()
 6 SYSTEMPATH\CodeIgniter.php(502): CodeIgniter\CodeIgniter->runController(Object(App\Controllers\SingleBookDetail))
 7 SYSTEMPATH\CodeIgniter.php(361): CodeIgniter\CodeIgniter->handleRequest(null, Object(Config\Cache), false)
 8 FCPATH\index.php(79): CodeIgniter\CodeIgniter->run()
CRITICAL - 2024-02-21 11:40:52 --> ErrorException: Undefined variable $book
in APPPATH\Views\books\singleBookDetail.php on line 276.
 1 APPPATH\Views\books\singleBookDetail.php(276): CodeIgniter\Debug\Exceptions->errorHandler(2, 'Undefined variable $book', 'C:\\xampp\\htdocs\\code4\\app\\Views\\books\\singleBookDetail.php', 276)
 2 SYSTEMPATH\View\View.php(228): include('C:\\xampp\\htdocs\\code4\\app\\Views\\books\\singleBookDetail.php')
 3 SYSTEMPATH\View\View.php(231): CodeIgniter\View\View->CodeIgniter\View\{closure}()
 4 SYSTEMPATH\Common.php(1178): CodeIgniter\View\View->render('books/singleBookDetail', [], true)
 5 APPPATH\Controllers\singleBookDetail.php(12): view('books/singleBookDetail')
 6 SYSTEMPATH\CodeIgniter.php(941): App\Controllers\SingleBookDetail->index()
 7 SYSTEMPATH\CodeIgniter.php(502): CodeIgniter\CodeIgniter->runController(Object(App\Controllers\SingleBookDetail))
 8 SYSTEMPATH\CodeIgniter.php(361): CodeIgniter\CodeIgniter->handleRequest(null, Object(Config\Cache), false)
 9 FCPATH\index.php(79): CodeIgniter\CodeIgniter->run()
CRITICAL - 2024-02-21 11:40:53 --> ErrorException: Undefined variable $book
in APPPATH\Views\books\singleBookDetail.php on line 276.
 1 APPPATH\Views\books\singleBookDetail.php(276): CodeIgniter\Debug\Exceptions->errorHandler(2, 'Undefined variable $book', 'C:\\xampp\\htdocs\\code4\\app\\Views\\books\\singleBookDetail.php', 276)
 2 SYSTEMPATH\View\View.php(228): include('C:\\xampp\\htdocs\\code4\\app\\Views\\books\\singleBookDetail.php')
 3 SYSTEMPATH\View\View.php(231): CodeIgniter\View\View->CodeIgniter\View\{closure}()
 4 SYSTEMPATH\Common.php(1178): CodeIgniter\View\View->render('books/singleBookDetail', [], true)
 5 APPPATH\Controllers\singleBookDetail.php(12): view('books/singleBookDetail')
 6 SYSTEMPATH\CodeIgniter.php(941): App\Controllers\SingleBookDetail->index()
 7 SYSTEMPATH\CodeIgniter.php(502): CodeIgniter\CodeIgniter->runController(Object(App\Controllers\SingleBookDetail))
 8 SYSTEMPATH\CodeIgniter.php(361): CodeIgniter\CodeIgniter->handleRequest(null, Object(Config\Cache), false)
 9 FCPATH\index.php(79): CodeIgniter\CodeIgniter->run()
CRITICAL - 2024-02-21 12:07:01 --> ErrorException: Undefined array key "is_rented"
in APPPATH\Views\books\bookDetail.php on line 450.
 1 APPPATH\Views\books\bookDetail.php(450): CodeIgniter\Debug\Exceptions->errorHandler(2, 'Undefined array key "is_rented"', 'C:\\xampp\\htdocs\\code4\\app\\Views\\books\\bookDetail.php', 450)
 2 SYSTEMPATH\View\View.php(228): include('C:\\xampp\\htdocs\\code4\\app\\Views\\books\\bookDetail.php')
 3 SYSTEMPATH\View\View.php(231): CodeIgniter\View\View->CodeIgniter\View\{closure}()
 4 SYSTEMPATH\Common.php(1178): CodeIgniter\View\View->render('books/bookDetail', [], true)
 5 APPPATH\Controllers\BookDetail.php(23): view('books/bookDetail', [...])
 6 SYSTEMPATH\CodeIgniter.php(941): App\Controllers\BookDetail->bookDetail('2')
 7 SYSTEMPATH\CodeIgniter.php(502): CodeIgniter\CodeIgniter->runController(Object(App\Controllers\BookDetail))
 8 SYSTEMPATH\CodeIgniter.php(361): CodeIgniter\CodeIgniter->handleRequest(null, Object(Config\Cache), false)
 9 FCPATH\index.php(79): CodeIgniter\CodeIgniter->run()
CRITICAL - 2024-02-21 12:07:03 --> ErrorException: Undefined array key "is_rented"
in APPPATH\Views\books\bookDetail.php on line 450.
 1 APPPATH\Views\books\bookDetail.php(450): CodeIgniter\Debug\Exceptions->errorHandler(2, 'Undefined array key "is_rented"', 'C:\\xampp\\htdocs\\code4\\app\\Views\\books\\bookDetail.php', 450)
 2 SYSTEMPATH\View\View.php(228): include('C:\\xampp\\htdocs\\code4\\app\\Views\\books\\bookDetail.php')
 3 SYSTEMPATH\View\View.php(231): CodeIgniter\View\View->CodeIgniter\View\{closure}()
 4 SYSTEMPATH\Common.php(1178): CodeIgniter\View\View->render('books/bookDetail', [], true)
 5 APPPATH\Controllers\BookDetail.php(23): view('books/bookDetail', [...])
 6 SYSTEMPATH\CodeIgniter.php(941): App\Controllers\BookDetail->bookDetail('2')
 7 SYSTEMPATH\CodeIgniter.php(502): CodeIgniter\CodeIgniter->runController(Object(App\Controllers\BookDetail))
 8 SYSTEMPATH\CodeIgniter.php(361): CodeIgniter\CodeIgniter->handleRequest(null, Object(Config\Cache), false)
 9 FCPATH\index.php(79): CodeIgniter\CodeIgniter->run()
