CRITICAL - 2024-02-03 06:09:39 --> ErrorException: Undefined variable $books
in APPPATH\Views\books\kidsbook\0to2year.php on line 570.
 1 APPPATH\Views\books\kidsbook\0to2year.php(570): CodeIgniter\Debug\Exceptions->errorHandler(2, 'Undefined variable $books', 'C:\\xampp\\htdocs\\code4\\app\\Views\\books\\kidsbook\\0to2year.php', 570)
 2 SYSTEMPATH\View\View.php(228): include('C:\\xampp\\htdocs\\code4\\app\\Views\\books\\kidsbook\\0to2year.php')
 3 SYSTEMPATH\View\View.php(231): CodeIgniter\View\View->CodeIgniter\View\{closure}()
 4 SYSTEMPATH\Common.php(1178): CodeIgniter\View\View->render('books/kidsbook/0to2year', [], true)
 5 APPPATH\Controllers\Kidsbook.php(12): view('books/kidsbook/0to2year')
 6 SYSTEMPATH\CodeIgniter.php(941): App\Controllers\Kidsbook->index_0to2year()
 7 SYSTEMPATH\CodeIgniter.php(502): CodeIgniter\CodeIgniter->runController(Object(App\Controllers\Kidsbook))
 8 SYSTEMPATH\CodeIgniter.php(361): CodeIgniter\CodeIgniter->handleRequest(null, Object(Config\Cache), false)
 9 FCPATH\index.php(79): CodeIgniter\CodeIgniter->run()
CRITICAL - 2024-02-03 06:34:13 --> ErrorException: Undefined variable $books
in APPPATH\Views\books\kidsbook\0to2year.php on line 570.
 1 APPPATH\Views\books\kidsbook\0to2year.php(570): CodeIgniter\Debug\Exceptions->errorHandler(2, 'Undefined variable $books', 'C:\\xampp\\htdocs\\code4\\app\\Views\\books\\kidsbook\\0to2year.php', 570)
 2 SYSTEMPATH\View\View.php(228): include('C:\\xampp\\htdocs\\code4\\app\\Views\\books\\kidsbook\\0to2year.php')
 3 SYSTEMPATH\View\View.php(231): CodeIgniter\View\View->CodeIgniter\View\{closure}()
 4 SYSTEMPATH\Common.php(1178): CodeIgniter\View\View->render('books/kidsbook/0to2year', [], true)
 5 APPPATH\Controllers\Kidsbook.php(12): view('books/kidsbook/0to2year')
 6 SYSTEMPATH\CodeIgniter.php(941): App\Controllers\Kidsbook->index_0to2year()
 7 SYSTEMPATH\CodeIgniter.php(502): CodeIgniter\CodeIgniter->runController(Object(App\Controllers\Kidsbook))
 8 SYSTEMPATH\CodeIgniter.php(361): CodeIgniter\CodeIgniter->handleRequest(null, Object(Config\Cache), false)
 9 FCPATH\index.php(79): CodeIgniter\CodeIgniter->run()
CRITICAL - 2024-02-03 07:33:40 --> BadMethodCallException: Call to undefined method App\Models\Book_model::getBooksBySubcategoryId
in SYSTEMPATH\Model.php on line 874.
 1 APPPATH\Controllers\BookDetail.php(17): CodeIgniter\Model->__call('getBooksBySubcategoryId', [...])
 2 SYSTEMPATH\CodeIgniter.php(941): App\Controllers\BookDetail->bookDetail('1')
 3 SYSTEMPATH\CodeIgniter.php(502): CodeIgniter\CodeIgniter->runController(Object(App\Controllers\BookDetail))
 4 SYSTEMPATH\CodeIgniter.php(361): CodeIgniter\CodeIgniter->handleRequest(null, Object(Config\Cache), false)
 5 FCPATH\index.php(79): CodeIgniter\CodeIgniter->run()
CRITICAL - 2024-02-03 07:33:55 --> BadMethodCallException: Call to undefined method App\Models\Book_model::getBooksBySubcategoryId
in SYSTEMPATH\Model.php on line 874.
 1 APPPATH\Controllers\BookDetail.php(17): CodeIgniter\Model->__call('getBooksBySubcategoryId', [...])
 2 SYSTEMPATH\CodeIgniter.php(941): App\Controllers\BookDetail->bookDetail('1')
 3 SYSTEMPATH\CodeIgniter.php(502): CodeIgniter\CodeIgniter->runController(Object(App\Controllers\BookDetail))
 4 SYSTEMPATH\CodeIgniter.php(361): CodeIgniter\CodeIgniter->handleRequest(null, Object(Config\Cache), false)
 5 FCPATH\index.php(79): CodeIgniter\CodeIgniter->run()
CRITICAL - 2024-02-03 07:36:36 --> BadMethodCallException: Call to undefined method App\Models\Book_model::getBooksBySubcategoryId
in SYSTEMPATH\Model.php on line 874.
 1 APPPATH\Controllers\BookDetail.php(17): CodeIgniter\Model->__call('getBooksBySubcategoryId', [...])
 2 SYSTEMPATH\CodeIgniter.php(941): App\Controllers\BookDetail->bookDetail('1')
 3 SYSTEMPATH\CodeIgniter.php(502): CodeIgniter\CodeIgniter->runController(Object(App\Controllers\BookDetail))
 4 SYSTEMPATH\CodeIgniter.php(361): CodeIgniter\CodeIgniter->handleRequest(null, Object(Config\Cache), false)
 5 FCPATH\index.php(79): CodeIgniter\CodeIgniter->run()
CRITICAL - 2024-02-03 07:57:45 --> Error: Call to undefined function character_limiter()
in APPPATH\Views\books\bookDetail.php on line 604.
 1 SYSTEMPATH\View\View.php(228): include()
 2 SYSTEMPATH\View\View.php(231): CodeIgniter\View\View->CodeIgniter\View\{closure}()
 3 SYSTEMPATH\Common.php(1178): CodeIgniter\View\View->render('books/bookDetail', [], true)
 4 APPPATH\Controllers\BookDetail.php(17): view('books/bookDetail', [...])
 5 SYSTEMPATH\CodeIgniter.php(941): App\Controllers\BookDetail->bookDetail('1')
 6 SYSTEMPATH\CodeIgniter.php(502): CodeIgniter\CodeIgniter->runController(Object(App\Controllers\BookDetail))
 7 SYSTEMPATH\CodeIgniter.php(361): CodeIgniter\CodeIgniter->handleRequest(null, Object(Config\Cache), false)
 8 FCPATH\index.php(79): CodeIgniter\CodeIgniter->run()
CRITICAL - 2024-02-03 08:06:45 --> Error: Call to undefined function character_limiter()
in APPPATH\Views\books\bookDetail.php on line 604.
 1 SYSTEMPATH\View\View.php(228): include()
 2 SYSTEMPATH\View\View.php(231): CodeIgniter\View\View->CodeIgniter\View\{closure}()
 3 SYSTEMPATH\Common.php(1178): CodeIgniter\View\View->render('books/bookDetail', [], true)
 4 APPPATH\Controllers\BookDetail.php(17): view('books/bookDetail', [...])
 5 SYSTEMPATH\CodeIgniter.php(941): App\Controllers\BookDetail->bookDetail('1')
 6 SYSTEMPATH\CodeIgniter.php(502): CodeIgniter\CodeIgniter->runController(Object(App\Controllers\BookDetail))
 7 SYSTEMPATH\CodeIgniter.php(361): CodeIgniter\CodeIgniter->handleRequest(null, Object(Config\Cache), false)
 8 FCPATH\index.php(79): CodeIgniter\CodeIgniter->run()
CRITICAL - 2024-02-03 09:52:18 --> Error: Call to undefined function character_limiter()
in APPPATH\Views\books\bookDetail.php on line 604.
 1 SYSTEMPATH\View\View.php(228): include()
 2 SYSTEMPATH\View\View.php(231): CodeIgniter\View\View->CodeIgniter\View\{closure}()
 3 SYSTEMPATH\Common.php(1178): CodeIgniter\View\View->render('books/bookDetail', [], true)
 4 APPPATH\Controllers\BookDetail.php(17): view('books/bookDetail', [...])
 5 SYSTEMPATH\CodeIgniter.php(941): App\Controllers\BookDetail->bookDetail('1')
 6 SYSTEMPATH\CodeIgniter.php(502): CodeIgniter\CodeIgniter->runController(Object(App\Controllers\BookDetail))
 7 SYSTEMPATH\CodeIgniter.php(361): CodeIgniter\CodeIgniter->handleRequest(null, Object(Config\Cache), false)
 8 FCPATH\index.php(79): CodeIgniter\CodeIgniter->run()
CRITICAL - 2024-02-03 10:02:42 --> Error: Call to undefined function character_limiter()
in APPPATH\Views\books\bookDetail.php on line 604.
 1 SYSTEMPATH\View\View.php(228): include()
 2 SYSTEMPATH\View\View.php(231): CodeIgniter\View\View->CodeIgniter\View\{closure}()
 3 SYSTEMPATH\Common.php(1178): CodeIgniter\View\View->render('books/bookDetail', [], true)
 4 APPPATH\Controllers\BookDetail.php(17): view('books/bookDetail', [...])
 5 SYSTEMPATH\CodeIgniter.php(941): App\Controllers\BookDetail->bookDetail('1')
 6 SYSTEMPATH\CodeIgniter.php(502): CodeIgniter\CodeIgniter->runController(Object(App\Controllers\BookDetail))
 7 SYSTEMPATH\CodeIgniter.php(361): CodeIgniter\CodeIgniter->handleRequest(null, Object(Config\Cache), false)
 8 FCPATH\index.php(79): CodeIgniter\CodeIgniter->run()
CRITICAL - 2024-02-03 10:02:52 --> Error: Call to undefined function character_limiter()
in APPPATH\Views\books\bookDetail.php on line 604.
 1 SYSTEMPATH\View\View.php(228): include()
 2 SYSTEMPATH\View\View.php(231): CodeIgniter\View\View->CodeIgniter\View\{closure}()
 3 SYSTEMPATH\Common.php(1178): CodeIgniter\View\View->render('books/bookDetail', [], true)
 4 APPPATH\Controllers\BookDetail.php(17): view('books/bookDetail', [...])
 5 SYSTEMPATH\CodeIgniter.php(941): App\Controllers\BookDetail->bookDetail('1')
 6 SYSTEMPATH\CodeIgniter.php(502): CodeIgniter\CodeIgniter->runController(Object(App\Controllers\BookDetail))
 7 SYSTEMPATH\CodeIgniter.php(361): CodeIgniter\CodeIgniter->handleRequest(null, Object(Config\Cache), false)
 8 FCPATH\index.php(79): CodeIgniter\CodeIgniter->run()
CRITICAL - 2024-02-03 16:42:07 --> Error: Call to undefined function character_limiter()
in APPPATH\Views\books\bookDetail.php on line 604.
 1 SYSTEMPATH\View\View.php(228): include()
 2 SYSTEMPATH\View\View.php(231): CodeIgniter\View\View->CodeIgniter\View\{closure}()
 3 SYSTEMPATH\Common.php(1178): CodeIgniter\View\View->render('books/bookDetail', [], true)
 4 APPPATH\Controllers\BookDetail.php(17): view('books/bookDetail', [...])
 5 SYSTEMPATH\CodeIgniter.php(941): App\Controllers\BookDetail->bookDetail('1')
 6 SYSTEMPATH\CodeIgniter.php(502): CodeIgniter\CodeIgniter->runController(Object(App\Controllers\BookDetail))
 7 SYSTEMPATH\CodeIgniter.php(361): CodeIgniter\CodeIgniter->handleRequest(null, Object(Config\Cache), false)
 8 FCPATH\index.php(79): CodeIgniter\CodeIgniter->run()
CRITICAL - 2024-02-03 16:57:26 --> Error: Call to undefined function character_limiter()
in APPPATH\Views\books\bookDetail.php on line 593.
 1 SYSTEMPATH\View\View.php(228): include()
 2 SYSTEMPATH\View\View.php(231): CodeIgniter\View\View->CodeIgniter\View\{closure}()
 3 SYSTEMPATH\Common.php(1178): CodeIgniter\View\View->render('books/bookDetail', [], true)
 4 APPPATH\Controllers\BookDetail.php(22): view('books/bookDetail', [...])
 5 SYSTEMPATH\CodeIgniter.php(941): App\Controllers\BookDetail->bookDetail('1')
 6 SYSTEMPATH\CodeIgniter.php(502): CodeIgniter\CodeIgniter->runController(Object(App\Controllers\BookDetail))
 7 SYSTEMPATH\CodeIgniter.php(361): CodeIgniter\CodeIgniter->handleRequest(null, Object(Config\Cache), false)
 8 FCPATH\index.php(79): CodeIgniter\CodeIgniter->run()
CRITICAL - 2024-02-03 16:58:38 --> Error: Call to undefined function character_limiter()
in APPPATH\Views\books\bookDetail.php on line 593.
 1 SYSTEMPATH\View\View.php(228): include()
 2 SYSTEMPATH\View\View.php(231): CodeIgniter\View\View->CodeIgniter\View\{closure}()
 3 SYSTEMPATH\Common.php(1178): CodeIgniter\View\View->render('books/bookDetail', [], true)
 4 APPPATH\Controllers\BookDetail.php(22): view('books/bookDetail', [...])
 5 SYSTEMPATH\CodeIgniter.php(941): App\Controllers\BookDetail->bookDetail('1')
 6 SYSTEMPATH\CodeIgniter.php(502): CodeIgniter\CodeIgniter->runController(Object(App\Controllers\BookDetail))
 7 SYSTEMPATH\CodeIgniter.php(361): CodeIgniter\CodeIgniter->handleRequest(null, Object(Config\Cache), false)
 8 FCPATH\index.php(79): CodeIgniter\CodeIgniter->run()
CRITICAL - 2024-02-03 16:58:40 --> Error: Call to undefined function character_limiter()
in APPPATH\Views\books\bookDetail.php on line 593.
 1 SYSTEMPATH\View\View.php(228): include()
 2 SYSTEMPATH\View\View.php(231): CodeIgniter\View\View->CodeIgniter\View\{closure}()
 3 SYSTEMPATH\Common.php(1178): CodeIgniter\View\View->render('books/bookDetail', [], true)
 4 APPPATH\Controllers\BookDetail.php(22): view('books/bookDetail', [...])
 5 SYSTEMPATH\CodeIgniter.php(941): App\Controllers\BookDetail->bookDetail('1')
 6 SYSTEMPATH\CodeIgniter.php(502): CodeIgniter\CodeIgniter->runController(Object(App\Controllers\BookDetail))
 7 SYSTEMPATH\CodeIgniter.php(361): CodeIgniter\CodeIgniter->handleRequest(null, Object(Config\Cache), false)
 8 FCPATH\index.php(79): CodeIgniter\CodeIgniter->run()
CRITICAL - 2024-02-03 17:01:31 --> ParseError: syntax error, unexpected token ":", expecting "{"
in APPPATH\Views\books\bookDetail.php on line 569.
 1 SYSTEMPATH\View\View.php(231): CodeIgniter\View\View->CodeIgniter\View\{closure}()
 2 SYSTEMPATH\Common.php(1178): CodeIgniter\View\View->render('books/bookDetail', [], true)
 3 APPPATH\Controllers\BookDetail.php(22): view('books/bookDetail', [...])
 4 SYSTEMPATH\CodeIgniter.php(941): App\Controllers\BookDetail->bookDetail('1')
 5 SYSTEMPATH\CodeIgniter.php(502): CodeIgniter\CodeIgniter->runController(Object(App\Controllers\BookDetail))
 6 SYSTEMPATH\CodeIgniter.php(361): CodeIgniter\CodeIgniter->handleRequest(null, Object(Config\Cache), false)
 7 FCPATH\index.php(79): CodeIgniter\CodeIgniter->run()
CRITICAL - 2024-02-03 17:01:40 --> ParseError: syntax error, unexpected token ":", expecting "{"
in APPPATH\Views\books\bookDetail.php on line 569.
 1 SYSTEMPATH\View\View.php(231): CodeIgniter\View\View->CodeIgniter\View\{closure}()
 2 SYSTEMPATH\Common.php(1178): CodeIgniter\View\View->render('books/bookDetail', [], true)
 3 APPPATH\Controllers\BookDetail.php(22): view('books/bookDetail', [...])
 4 SYSTEMPATH\CodeIgniter.php(941): App\Controllers\BookDetail->bookDetail('1')
 5 SYSTEMPATH\CodeIgniter.php(502): CodeIgniter\CodeIgniter->runController(Object(App\Controllers\BookDetail))
 6 SYSTEMPATH\CodeIgniter.php(361): CodeIgniter\CodeIgniter->handleRequest(null, Object(Config\Cache), false)
 7 FCPATH\index.php(79): CodeIgniter\CodeIgniter->run()
CRITICAL - 2024-02-03 17:03:10 --> Error: Call to undefined function character_limiter()
in APPPATH\Views\books\bookDetail.php on line 594.
 1 SYSTEMPATH\View\View.php(228): include()
 2 SYSTEMPATH\View\View.php(231): CodeIgniter\View\View->CodeIgniter\View\{closure}()
 3 SYSTEMPATH\Common.php(1178): CodeIgniter\View\View->render('books/bookDetail', [], true)
 4 APPPATH\Controllers\BookDetail.php(22): view('books/bookDetail', [...])
 5 SYSTEMPATH\CodeIgniter.php(941): App\Controllers\BookDetail->bookDetail('1')
 6 SYSTEMPATH\CodeIgniter.php(502): CodeIgniter\CodeIgniter->runController(Object(App\Controllers\BookDetail))
 7 SYSTEMPATH\CodeIgniter.php(361): CodeIgniter\CodeIgniter->handleRequest(null, Object(Config\Cache), false)
 8 FCPATH\index.php(79): CodeIgniter\CodeIgniter->run()
CRITICAL - 2024-02-03 17:12:53 --> Error: Call to undefined function character_limiter()
in APPPATH\Views\books\bookDetail.php on line 595.
 1 SYSTEMPATH\View\View.php(228): include()
 2 SYSTEMPATH\View\View.php(231): CodeIgniter\View\View->CodeIgniter\View\{closure}()
 3 SYSTEMPATH\Common.php(1178): CodeIgniter\View\View->render('books/bookDetail', [], true)
 4 APPPATH\Controllers\BookDetail.php(22): view('books/bookDetail', [...])
 5 SYSTEMPATH\CodeIgniter.php(941): App\Controllers\BookDetail->bookDetail('1')
 6 SYSTEMPATH\CodeIgniter.php(502): CodeIgniter\CodeIgniter->runController(Object(App\Controllers\BookDetail))
 7 SYSTEMPATH\CodeIgniter.php(361): CodeIgniter\CodeIgniter->handleRequest(null, Object(Config\Cache), false)
 8 FCPATH\index.php(79): CodeIgniter\CodeIgniter->run()
CRITICAL - 2024-02-03 17:15:03 --> Error: Call to undefined function character_limiter()
in APPPATH\Views\books\bookDetail.php on line 594.
 1 SYSTEMPATH\View\View.php(228): include()
 2 SYSTEMPATH\View\View.php(231): CodeIgniter\View\View->CodeIgniter\View\{closure}()
 3 SYSTEMPATH\Common.php(1178): CodeIgniter\View\View->render('books/bookDetail', [], true)
 4 APPPATH\Controllers\BookDetail.php(22): view('books/bookDetail', [...])
 5 SYSTEMPATH\CodeIgniter.php(941): App\Controllers\BookDetail->bookDetail('1')
 6 SYSTEMPATH\CodeIgniter.php(502): CodeIgniter\CodeIgniter->runController(Object(App\Controllers\BookDetail))
 7 SYSTEMPATH\CodeIgniter.php(361): CodeIgniter\CodeIgniter->handleRequest(null, Object(Config\Cache), false)
 8 FCPATH\index.php(79): CodeIgniter\CodeIgniter->run()
CRITICAL - 2024-02-03 17:15:58 --> Error: Call to undefined function character_limiter()
in APPPATH\Views\books\bookDetail.php on line 594.
 1 SYSTEMPATH\View\View.php(228): include()
 2 SYSTEMPATH\View\View.php(231): CodeIgniter\View\View->CodeIgniter\View\{closure}()
 3 SYSTEMPATH\Common.php(1178): CodeIgniter\View\View->render('books/bookDetail', [], true)
 4 APPPATH\Controllers\BookDetail.php(22): view('books/bookDetail', [...])
 5 SYSTEMPATH\CodeIgniter.php(941): App\Controllers\BookDetail->bookDetail('1')
 6 SYSTEMPATH\CodeIgniter.php(502): CodeIgniter\CodeIgniter->runController(Object(App\Controllers\BookDetail))
 7 SYSTEMPATH\CodeIgniter.php(361): CodeIgniter\CodeIgniter->handleRequest(null, Object(Config\Cache), false)
 8 FCPATH\index.php(79): CodeIgniter\CodeIgniter->run()
CRITICAL - 2024-02-03 17:20:26 --> Error: Call to undefined function character_limiter()
in APPPATH\Views\books\bookDetail.php on line 599.
 1 SYSTEMPATH\View\View.php(228): include()
 2 SYSTEMPATH\View\View.php(231): CodeIgniter\View\View->CodeIgniter\View\{closure}()
 3 SYSTEMPATH\Common.php(1178): CodeIgniter\View\View->render('books/bookDetail', [], true)
 4 APPPATH\Controllers\BookDetail.php(22): view('books/bookDetail', [...])
 5 SYSTEMPATH\CodeIgniter.php(941): App\Controllers\BookDetail->bookDetail('1')
 6 SYSTEMPATH\CodeIgniter.php(502): CodeIgniter\CodeIgniter->runController(Object(App\Controllers\BookDetail))
 7 SYSTEMPATH\CodeIgniter.php(361): CodeIgniter\CodeIgniter->handleRequest(null, Object(Config\Cache), false)
 8 FCPATH\index.php(79): CodeIgniter\CodeIgniter->run()
